<?xml version="1.0" encoding="UTF-8"?>
<coverage generated="1693459450202" clover="3.2.0">
  <project timestamp="1693459450202" name="All files">
    <metrics statements="47" coveredstatements="47" conditionals="34" coveredconditionals="34" methods="5" coveredmethods="5" elements="86" coveredelements="86" complexity="0" loc="47" ncloc="47" packages="1" files="3" classes="3"/>
    <file name="carValueServices.ts" path="/Users/jimson/Desktop/Final_m3/MR-L5-Mission-3-2/src/services/carValueServices.ts">
      <metrics statements="13" coveredstatements="13" conditionals="9" coveredconditionals="9" methods="1" coveredmethods="1"/>
      <line num="1" count="1" type="stmt"/>
      <line num="2" count="8" type="stmt"/>
      <line num="3" count="8" type="stmt"/>
      <line num="5" count="8" type="cond" truecount="3" falsecount="0"/>
      <line num="6" count="1" type="stmt"/>
      <line num="9" count="7" type="cond" truecount="5" falsecount="0"/>
      <line num="10" count="3" type="stmt"/>
      <line num="13" count="4" type="stmt"/>
      <line num="14" count="30" type="stmt"/>
      <line num="15" count="30" type="cond" truecount="1" falsecount="0"/>
      <line num="16" count="24" type="stmt"/>
      <line num="20" count="4" type="stmt"/>
      <line num="21" count="4" type="stmt"/>
    </file>
    <file name="quoteServices.ts" path="/Users/jimson/Desktop/Final_m3/MR-L5-Mission-3-2/src/services/quoteServices.ts">
      <metrics statements="15" coveredstatements="15" conditionals="9" coveredconditionals="9" methods="2" coveredmethods="2"/>
      <line num="1" count="1" type="stmt"/>
      <line num="2" count="12" type="cond" truecount="4" falsecount="0"/>
      <line num="3" count="5" type="stmt"/>
      <line num="7" count="7" type="cond" truecount="1" falsecount="0"/>
      <line num="8" count="1" type="stmt"/>
      <line num="10" count="6" type="cond" truecount="1" falsecount="0"/>
      <line num="11" count="1" type="stmt"/>
      <line num="13" count="5" type="cond" truecount="3" falsecount="0"/>
      <line num="14" count="1" type="stmt"/>
      <line num="17" count="4" type="stmt"/>
      <line num="18" count="4" type="stmt"/>
      <line num="19" count="4" type="stmt"/>
      <line num="20" count="4" type="stmt"/>
      <line num="26" count="4" type="stmt"/>
      <line num="28" count="4" type="stmt"/>
    </file>
    <file name="riskServices.ts" path="/Users/jimson/Desktop/Final_m3/MR-L5-Mission-3-2/src/services/riskServices.ts">
      <metrics statements="19" coveredstatements="19" conditionals="16" coveredconditionals="16" methods="2" coveredmethods="2"/>
      <line num="1" count="1" type="stmt"/>
      <line num="2" count="10" type="cond" truecount="2" falsecount="0"/>
      <line num="3" count="1" type="stmt"/>
      <line num="4" count="9" type="cond" truecount="4" falsecount="0"/>
      <line num="5" count="1" type="stmt"/>
      <line num="6" count="8" type="cond" truecount="2" falsecount="0"/>
      <line num="7" count="1" type="stmt"/>
      <line num="9" count="7" type="stmt"/>
      <line num="11" count="35" type="stmt"/>
      <line num="14" count="7" type="cond" truecount="2" falsecount="0"/>
      <line num="15" count="2" type="stmt"/>
      <line num="16" count="5" type="cond" truecount="2" falsecount="0"/>
      <line num="17" count="1" type="stmt"/>
      <line num="18" count="4" type="cond" truecount="2" falsecount="0"/>
      <line num="19" count="1" type="stmt"/>
      <line num="20" count="3" type="cond" truecount="2" falsecount="0"/>
      <line num="21" count="1" type="stmt"/>
      <line num="23" count="2" type="stmt"/>
      <line num="26" count="7" type="stmt"/>
    </file>
  </project>
</coverage>
