{"/Users/jimson/Desktop/Final_m3/MR-L5-Mission-3-2/src/services/carValueServices.ts": {"path":"/Users/jimson/Desktop/Final_m3/MR-L5-Mission-3-2/src/services/carValueServices.ts","statementMap":{"0":{"start":{"line":1,"column":33},"end":{"line":22,"column":1}},"1":{"start":{"line":2,"column":19},"end":{"line":2,"column":47}},"2":{"start":{"line":3,"column":17},"end":{"line":3,"column":18}},"3":{"start":{"line":5,"column":2},"end":{"line":7,"column":null}},"4":{"start":{"line":6,"column":4},"end":{"line":6,"column":52}},"5":{"start":{"line":9,"column":2},"end":{"line":11,"column":null}},"6":{"start":{"line":10,"column":4},"end":{"line":10,"column":37}},"7":{"start":{"line":13,"column":2},"end":{"line":18,"column":null}},"8":{"start":{"line":13,"column":15},"end":{"line":13,"column":16}},"9":{"start":{"line":14,"column":17},"end":{"line":14,"column":39}},"10":{"start":{"line":15,"column":4},"end":{"line":17,"column":null}},"11":{"start":{"line":16,"column":6},"end":{"line":16,"column":45}},"12":{"start":{"line":20,"column":2},"end":{"line":20,"column":35}},"13":{"start":{"line":21,"column":2},"end":{"line":21,"column":18}},"14":{"start":{"line":1,"column":13},"end":{"line":1,"column":33}}},"fnMap":{"0":{"name":"(anonymous_0)","decl":{"start":{"line":1,"column":33},"end":{"line":1,"column":34}},"loc":{"start":{"line":1,"column":65},"end":{"line":22,"column":1}}}},"branchMap":{"0":{"loc":{"start":{"line":5,"column":2},"end":{"line":7,"column":null}},"type":"if","locations":[{"start":{"line":5,"column":2},"end":{"line":7,"column":null}}]},"1":{"loc":{"start":{"line":5,"column":6},"end":{"line":5,"column":21}},"type":"binary-expr","locations":[{"start":{"line":5,"column":6},"end":{"line":5,"column":12}},{"start":{"line":5,"column":16},"end":{"line":5,"column":21}}]},"2":{"loc":{"start":{"line":9,"column":2},"end":{"line":11,"column":null}},"type":"if","locations":[{"start":{"line":9,"column":2},"end":{"line":11,"column":null}}]},"3":{"loc":{"start":{"line":9,"column":6},"end":{"line":9,"column":79}},"type":"binary-expr","locations":[{"start":{"line":9,"column":6},"end":{"line":9,"column":17}},{"start":{"line":9,"column":21},"end":{"line":9,"column":32}},{"start":{"line":9,"column":36},"end":{"line":9,"column":67}},{"start":{"line":9,"column":71},"end":{"line":9,"column":79}}]},"4":{"loc":{"start":{"line":15,"column":4},"end":{"line":17,"column":null}},"type":"if","locations":[{"start":{"line":15,"column":4},"end":{"line":17,"column":null}}]}},"s":{"0":1,"1":8,"2":8,"3":8,"4":1,"5":7,"6":3,"7":4,"8":4,"9":30,"10":30,"11":24,"12":4,"13":4,"14":1},"f":{"0":8},"b":{"0":[1],"1":[8,7],"2":[3],"3":[7,7,5,4],"4":[24]}}
,"/Users/jimson/Desktop/Final_m3/MR-L5-Mission-3-2/src/services/quoteServices.ts": {"path":"/Users/jimson/Desktop/Final_m3/MR-L5-Mission-3-2/src/services/quoteServices.ts","statementMap":{"0":{"start":{"line":1,"column":30},"end":{"line":29,"column":1}},"1":{"start":{"line":2,"column":2},"end":{"line":4,"column":null}},"2":{"start":{"line":3,"column":4},"end":{"line":3,"column":54}},"3":{"start":{"line":7,"column":2},"end":{"line":9,"column":null}},"4":{"start":{"line":8,"column":4},"end":{"line":8,"column":46}},"5":{"start":{"line":10,"column":2},"end":{"line":12,"column":null}},"6":{"start":{"line":11,"column":4},"end":{"line":11,"column":42}},"7":{"start":{"line":13,"column":2},"end":{"line":15,"column":null}},"8":{"start":{"line":14,"column":4},"end":{"line":14,"column":44}},"9":{"start":{"line":17,"column":27},"end":{"line":24,"column":3}},"10":{"start":{"line":18,"column":26},"end":{"line":18,"column":57}},"11":{"start":{"line":19,"column":27},"end":{"line":19,"column":45}},"12":{"start":{"line":20,"column":4},"end":{"line":23,"column":6}},"13":{"start":{"line":26,"column":22},"end":{"line":26,"column":66}},"14":{"start":{"line":28,"column":2},"end":{"line":28,"column":25}},"15":{"start":{"line":1,"column":13},"end":{"line":1,"column":30}}},"fnMap":{"0":{"name":"(anonymous_0)","decl":{"start":{"line":1,"column":30},"end":{"line":1,"column":31}},"loc":{"start":{"line":1,"column":73},"end":{"line":29,"column":1}}},"1":{"name":"(anonymous_1)","decl":{"start":{"line":17,"column":27},"end":{"line":17,"column":28}},"loc":{"start":{"line":17,"column":102},"end":{"line":24,"column":3}}}},"branchMap":{"0":{"loc":{"start":{"line":2,"column":2},"end":{"line":4,"column":null}},"type":"if","locations":[{"start":{"line":2,"column":2},"end":{"line":4,"column":null}}]},"1":{"loc":{"start":{"line":2,"column":6},"end":{"line":2,"column":67}},"type":"binary-expr","locations":[{"start":{"line":2,"column":6},"end":{"line":2,"column":16}},{"start":{"line":2,"column":20},"end":{"line":2,"column":32}},{"start":{"line":2,"column":36},"end":{"line":2,"column":67}}]},"2":{"loc":{"start":{"line":7,"column":2},"end":{"line":9,"column":null}},"type":"if","locations":[{"start":{"line":7,"column":2},"end":{"line":9,"column":null}}]},"3":{"loc":{"start":{"line":10,"column":2},"end":{"line":12,"column":null}},"type":"if","locations":[{"start":{"line":10,"column":2},"end":{"line":12,"column":null}}]},"4":{"loc":{"start":{"line":13,"column":2},"end":{"line":15,"column":null}},"type":"if","locations":[{"start":{"line":13,"column":2},"end":{"line":15,"column":null}}]},"5":{"loc":{"start":{"line":13,"column":6},"end":{"line":13,"column":40}},"type":"binary-expr","locations":[{"start":{"line":13,"column":6},"end":{"line":13,"column":21}},{"start":{"line":13,"column":25},"end":{"line":13,"column":40}}]}},"s":{"0":1,"1":12,"2":5,"3":7,"4":1,"5":6,"6":1,"7":5,"8":1,"9":4,"10":4,"11":4,"12":4,"13":4,"14":4,"15":1},"f":{"0":12,"1":4},"b":{"0":[5],"1":[12,10,8],"2":[1],"3":[1],"4":[1],"5":[5,4]}}
,"/Users/jimson/Desktop/Final_m3/MR-L5-Mission-3-2/src/services/riskServices.ts": {"path":"/Users/jimson/Desktop/Final_m3/MR-L5-Mission-3-2/src/services/riskServices.ts","statementMap":{"0":{"start":{"line":1,"column":35},"end":{"line":24,"column":1}},"1":{"start":{"line":2,"column":2},"end":{"line":23,"column":null}},"2":{"start":{"line":3,"column":4},"end":{"line":3,"column":63}},"3":{"start":{"line":5,"column":21},"end":{"line":5,"column":69}},"4":{"start":{"line":7,"column":24},"end":{"line":7,"column":127}},"5":{"start":{"line":7,"column":60},"end":{"line":7,"column":123}},"6":{"start":{"line":10,"column":4},"end":{"line":20,"column":null}},"7":{"start":{"line":11,"column":6},"end":{"line":11,"column":21}},"8":{"start":{"line":12,"column":11},"end":{"line":20,"column":null}},"9":{"start":{"line":13,"column":6},"end":{"line":13,"column":21}},"10":{"start":{"line":14,"column":11},"end":{"line":20,"column":null}},"11":{"start":{"line":15,"column":6},"end":{"line":15,"column":21}},"12":{"start":{"line":16,"column":11},"end":{"line":20,"column":null}},"13":{"start":{"line":17,"column":6},"end":{"line":17,"column":21}},"14":{"start":{"line":19,"column":6},"end":{"line":19,"column":21}},"15":{"start":{"line":22,"column":4},"end":{"line":22,"column":26}},"16":{"start":{"line":1,"column":13},"end":{"line":1,"column":35}}},"fnMap":{"0":{"name":"(anonymous_0)","decl":{"start":{"line":1,"column":35},"end":{"line":1,"column":36}},"loc":{"start":{"line":1,"column":61},"end":{"line":24,"column":1}}},"1":{"name":"(anonymous_1)","decl":{"start":{"line":7,"column":40},"end":{"line":7,"column":41}},"loc":{"start":{"line":7,"column":60},"end":{"line":7,"column":123}}}},"branchMap":{"0":{"loc":{"start":{"line":2,"column":2},"end":{"line":23,"column":null}},"type":"if","locations":[{"start":{"line":2,"column":2},"end":{"line":23,"column":null}},{"start":{"line":4,"column":9},"end":{"line":23,"column":null}}]},"1":{"loc":{"start":{"line":2,"column":6},"end":{"line":2,"column":51}},"type":"binary-expr","locations":[{"start":{"line":2,"column":6},"end":{"line":2,"column":20}},{"start":{"line":2,"column":24},"end":{"line":2,"column":51}}]},"2":{"loc":{"start":{"line":10,"column":4},"end":{"line":20,"column":null}},"type":"if","locations":[{"start":{"line":10,"column":4},"end":{"line":20,"column":null}},{"start":{"line":12,"column":11},"end":{"line":20,"column":null}}]},"3":{"loc":{"start":{"line":12,"column":11},"end":{"line":20,"column":null}},"type":"if","locations":[{"start":{"line":12,"column":11},"end":{"line":20,"column":null}},{"start":{"line":14,"column":11},"end":{"line":20,"column":null}}]},"4":{"loc":{"start":{"line":14,"column":11},"end":{"line":20,"column":null}},"type":"if","locations":[{"start":{"line":14,"column":11},"end":{"line":20,"column":null}},{"start":{"line":16,"column":11},"end":{"line":20,"column":null}}]},"5":{"loc":{"start":{"line":16,"column":11},"end":{"line":20,"column":null}},"type":"if","locations":[{"start":{"line":16,"column":11},"end":{"line":20,"column":null}},{"start":{"line":18,"column":11},"end":{"line":20,"column":null}}]}},"s":{"0":1,"1":1,"2":0,"3":1,"4":1,"5":5,"6":1,"7":0,"8":1,"9":0,"10":1,"11":1,"12":0,"13":0,"14":0,"15":1,"16":1},"f":{"0":1,"1":5},"b":{"0":[0,1],"1":[1,1],"2":[0,1],"3":[0,1],"4":[1,0],"5":[0,0]}}
}
