TN:
SF:src/services/carValueServices.ts
FN:1,(anonymous_0)
FNF:1
FNH:1
FNDA:8,(anonymous_0)
DA:1,1
DA:2,8
DA:3,8
DA:5,8
DA:6,1
DA:9,7
DA:10,3
DA:13,4
DA:14,30
DA:15,30
DA:16,24
DA:20,4
DA:21,4
LF:13
LH:13
BRDA:5,0,0,1
BRDA:5,1,0,8
BRDA:5,1,1,7
BRDA:9,2,0,3
BRDA:9,3,0,7
BRDA:9,3,1,7
BRDA:9,3,2,5
BRDA:9,3,3,4
BRDA:15,4,0,24
BRF:9
BRH:9
end_of_record
TN:
SF:src/services/quoteServices.ts
FN:1,(anonymous_0)
FN:6,(anonymous_1)
FNF:2
FNH:2
FNDA:3,(anonymous_0)
FNDA:1,(anonymous_1)
DA:1,1
DA:2,3
DA:3,2
DA:6,1
DA:7,1
DA:8,1
DA:9,1
DA:15,1
DA:17,1
LF:9
LH:9
BRDA:2,0,0,2
BRDA:2,1,0,3
BRDA:2,1,1,3
BRDA:2,1,2,2
BRDA:2,1,3,1
BRF:5
BRH:5
end_of_record
TN:
SF:src/services/riskServices.ts
FN:1,(anonymous_0)
FN:7,(anonymous_1)
FNF:2
FNH:2
FNDA:3,(anonymous_0)
FNDA:10,(anonymous_1)
DA:1,1
DA:2,3
DA:3,1
DA:5,2
DA:7,10
DA:10,2
DA:11,1
DA:12,1
DA:13,0
DA:14,1
DA:15,1
DA:16,0
DA:17,0
DA:19,0
DA:22,2
LF:15
LH:11
BRDA:2,0,0,1
BRDA:2,0,1,2
BRDA:2,1,0,3
BRDA:2,1,1,2
BRDA:10,2,0,1
BRDA:10,2,1,1
BRDA:12,3,0,0
BRDA:12,3,1,1
BRDA:14,4,0,1
BRDA:14,4,1,0
BRDA:16,5,0,0
BRDA:16,5,1,0
BRF:12
BRH:8
end_of_record
